combined_forms_prescient.py:388: SettingWithCopyWarning: 
A value is trying to be set on a copy of a slice from a DataFrame.
Try using .loc[row_indexer,col_indexer] = value instead

See the caveats in the documentation: https://pandas.pydata.org/pandas-docs/stable/user_guide/indexing.html#returning-a-view-versus-a-copy
  site_scr_final['day'] = numbers
combined_forms_prescient.py:390: SettingWithCopyWarning: 
A value is trying to be set on a copy of a slice from a DataFrame.
Try using .loc[row_indexer,col_indexer] = value instead

See the caveats in the documentation: https://pandas.pydata.org/pandas-docs/stable/user_guide/indexing.html#returning-a-view-versus-a-copy
  site_scr_final['num'] = numbers
combined_forms_prescient.py:426: SettingWithCopyWarning: 
A value is trying to be set on a copy of a slice from a DataFrame.
Try using .loc[row_indexer,col_indexer] = value instead

See the caveats in the documentation: https://pandas.pydata.org/pandas-docs/stable/user_guide/indexing.html#returning-a-view-versus-a-copy
  site_final['day'] = numbers
combined_forms_prescient.py:428: SettingWithCopyWarning: 
A value is trying to be set on a copy of a slice from a DataFrame.
Try using .loc[row_indexer,col_indexer] = value instead

See the caveats in the documentation: https://pandas.pydata.org/pandas-docs/stable/user_guide/indexing.html#returning-a-view-versus-a-copy
  site_final['num'] = numbers
combined_forms_prescient.py:476: SettingWithCopyWarning: 
A value is trying to be set on a copy of a slice from a DataFrame.
Try using .loc[row_indexer,col_indexer] = value instead

See the caveats in the documentation: https://pandas.pydata.org/pandas-docs/stable/user_guide/indexing.html#returning-a-view-versus-a-copy
  site_final['day'] = numbers
combined_forms_prescient.py:478: SettingWithCopyWarning: 
A value is trying to be set on a copy of a slice from a DataFrame.
Try using .loc[row_indexer,col_indexer] = value instead

See the caveats in the documentation: https://pandas.pydata.org/pandas-docs/stable/user_guide/indexing.html#returning-a-view-versus-a-copy
  site_final['num'] = numbers
combined_forms_prescient.py:476: SettingWithCopyWarning: 
A value is trying to be set on a copy of a slice from a DataFrame.
Try using .loc[row_indexer,col_indexer] = value instead

See the caveats in the documentation: https://pandas.pydata.org/pandas-docs/stable/user_guide/indexing.html#returning-a-view-versus-a-copy
  site_final['day'] = numbers
combined_forms_prescient.py:478: SettingWithCopyWarning: 
A value is trying to be set on a copy of a slice from a DataFrame.
Try using .loc[row_indexer,col_indexer] = value instead

See the caveats in the documentation: https://pandas.pydata.org/pandas-docs/stable/user_guide/indexing.html#returning-a-view-versus-a-copy
  site_final['num'] = numbers
combined_forms_prescient.py:476: SettingWithCopyWarning: 
A value is trying to be set on a copy of a slice from a DataFrame.
Try using .loc[row_indexer,col_indexer] = value instead

See the caveats in the documentation: https://pandas.pydata.org/pandas-docs/stable/user_guide/indexing.html#returning-a-view-versus-a-copy
  site_final['day'] = numbers
combined_forms_prescient.py:478: SettingWithCopyWarning: 
A value is trying to be set on a copy of a slice from a DataFrame.
Try using .loc[row_indexer,col_indexer] = value instead

See the caveats in the documentation: https://pandas.pydata.org/pandas-docs/stable/user_guide/indexing.html#returning-a-view-versus-a-copy
  site_final['num'] = numbers
combined_forms_prescient.py:476: SettingWithCopyWarning: 
A value is trying to be set on a copy of a slice from a DataFrame.
Try using .loc[row_indexer,col_indexer] = value instead

See the caveats in the documentation: https://pandas.pydata.org/pandas-docs/stable/user_guide/indexing.html#returning-a-view-versus-a-copy
  site_final['day'] = numbers
combined_forms_prescient.py:478: SettingWithCopyWarning: 
A value is trying to be set on a copy of a slice from a DataFrame.
Try using .loc[row_indexer,col_indexer] = value instead

See the caveats in the documentation: https://pandas.pydata.org/pandas-docs/stable/user_guide/indexing.html#returning-a-view-versus-a-copy
  site_final['num'] = numbers
combined_forms_prescient.py:476: SettingWithCopyWarning: 
A value is trying to be set on a copy of a slice from a DataFrame.
Try using .loc[row_indexer,col_indexer] = value instead

See the caveats in the documentation: https://pandas.pydata.org/pandas-docs/stable/user_guide/indexing.html#returning-a-view-versus-a-copy
  site_final['day'] = numbers
combined_forms_prescient.py:478: SettingWithCopyWarning: 
A value is trying to be set on a copy of a slice from a DataFrame.
Try using .loc[row_indexer,col_indexer] = value instead

See the caveats in the documentation: https://pandas.pydata.org/pandas-docs/stable/user_guide/indexing.html#returning-a-view-versus-a-copy
  site_final['num'] = numbers
combined_forms_prescient.py:476: SettingWithCopyWarning: 
A value is trying to be set on a copy of a slice from a DataFrame.
Try using .loc[row_indexer,col_indexer] = value instead

See the caveats in the documentation: https://pandas.pydata.org/pandas-docs/stable/user_guide/indexing.html#returning-a-view-versus-a-copy
  site_final['day'] = numbers
combined_forms_prescient.py:478: SettingWithCopyWarning: 
A value is trying to be set on a copy of a slice from a DataFrame.
Try using .loc[row_indexer,col_indexer] = value instead

See the caveats in the documentation: https://pandas.pydata.org/pandas-docs/stable/user_guide/indexing.html#returning-a-view-versus-a-copy
  site_final['num'] = numbers
combined_forms_prescient.py:476: SettingWithCopyWarning: 
A value is trying to be set on a copy of a slice from a DataFrame.
Try using .loc[row_indexer,col_indexer] = value instead

See the caveats in the documentation: https://pandas.pydata.org/pandas-docs/stable/user_guide/indexing.html#returning-a-view-versus-a-copy
  site_final['day'] = numbers
combined_forms_prescient.py:478: SettingWithCopyWarning: 
A value is trying to be set on a copy of a slice from a DataFrame.
Try using .loc[row_indexer,col_indexer] = value instead

See the caveats in the documentation: https://pandas.pydata.org/pandas-docs/stable/user_guide/indexing.html#returning-a-view-versus-a-copy
  site_final['num'] = numbers
combined_forms_prescient.py:476: SettingWithCopyWarning: 
A value is trying to be set on a copy of a slice from a DataFrame.
Try using .loc[row_indexer,col_indexer] = value instead

See the caveats in the documentation: https://pandas.pydata.org/pandas-docs/stable/user_guide/indexing.html#returning-a-view-versus-a-copy
  site_final['day'] = numbers
combined_forms_prescient.py:478: SettingWithCopyWarning: 
A value is trying to be set on a copy of a slice from a DataFrame.
Try using .loc[row_indexer,col_indexer] = value instead

See the caveats in the documentation: https://pandas.pydata.org/pandas-docs/stable/user_guide/indexing.html#returning-a-view-versus-a-copy
  site_final['num'] = numbers
rm: cannot remove ‘/data/predict1/data_from_nda/formqc_test/*BM97411*day*’: No such file or directory
rm: cannot remove ‘/data/predict1/data_from_nda/formqc_test/*CP82421*day*’: No such file or directory
rm: cannot remove ‘/data/predict1/data_from_nda/formqc_test/*GW05566*day*’: No such file or directory
rm: cannot remove ‘/data/predict1/data_from_nda/formqc_test/*LS60072*day*’: No such file or directory
rm: cannot remove ‘/data/predict1/data_from_nda/formqc_test/*LS68141*day*’: No such file or directory
rm: cannot remove ‘/data/predict1/data_from_nda/formqc_test/*LS69701*day*’: No such file or directory
rm: cannot remove ‘/data/predict1/data_from_nda/formqc_test/*LS82943*day*’: No such file or directory
rm: cannot remove ‘/data/predict1/data_from_nda/formqc_test/*ME23108*day*’: No such file or directory
rm: cannot remove ‘/data/predict1/data_from_nda/formqc_test/*ME23992*day*’: No such file or directory
Traceback (most recent call last):
  File "forms_qc_ind_both_networks.py", line 40, in <module>
    with open(sub_data, 'r') as f:
FileNotFoundError: [Errno 2] No such file or directory: '/data/predict1/data_from_nda/Prescient/PHOENIX/PROTECTED/PrescientME/raw/ME23992/surveys/ME23992.Prescient.json'
